<?xml version="1.0" encoding="UTF-8"?>
<!-- Generated by org.testng.reporters.JUnitXMLReporter -->
<testsuite ignored="0" hostname="LAPTOP-DC5PIR4N" failures="0" tests="6" name="Command line test" time="0.279" errors="0" timestamp="2022-11-19T09:52:05 IST">
  <testcase classname="TestCase.DemoBlaze_SignUp_TestCase" name="@BeforeMethod setup" time="-1.668831724755E9">
    <failure type="org.testng.TestNGException" message="
Parameter &amp;apos;browser&amp;apos; is required by BeforeMethod on method setup but has not been marked @Optional or defined
">
      <![CDATA[org.testng.TestNGException: 
Parameter 'browser' is required by BeforeMethod on method setup but has not been marked @Optional or defined

at java.base/java.util.ArrayList.forEach(ArrayList.java:1511)
... Removed 38 stack frames]]>
    </failure>
  </testcase> <!-- @BeforeMethod setup -->
  <testcase classname="TestCase.Facebook_TestCase" name="@BeforeMethod setup" time="-1.668831724774E9">
    <failure type="org.testng.TestNGException" message="
Parameter &amp;apos;browser&amp;apos; is required by BeforeMethod on method setup but has not been marked @Optional or defined
">
      <![CDATA[org.testng.TestNGException: 
Parameter 'browser' is required by BeforeMethod on method setup but has not been marked @Optional or defined

at java.base/java.util.ArrayList.forEach(ArrayList.java:1511)
... Removed 38 stack frames]]>
    </failure>
  </testcase> <!-- @BeforeMethod setup -->
  <testcase classname="TestCase.Facebook_TestCase" name="@BeforeMethod setup" time="-1.668831724776E9">
    <skipped/>
  </testcase> <!-- @BeforeMethod setup -->
  <testcase classname="TestCase.Facebook_TestCase" name="@BeforeMethod setup" time="-1.668831724776E9">
    <skipped/>
  </testcase> <!-- @BeforeMethod setup -->
  <testcase classname="TestCase.NopCommerce_TestCase" name="@BeforeMethod setup" time="-1.668831724995E9">
    <failure type="org.testng.TestNGException" message="
Parameter &amp;apos;browser&amp;apos; is required by BeforeMethod on method setup but has not been marked @Optional or defined
">
      <![CDATA[org.testng.TestNGException: 
Parameter 'browser' is required by BeforeMethod on method setup but has not been marked @Optional or defined

at java.base/java.util.ArrayList.forEach(ArrayList.java:1511)
... Removed 38 stack frames]]>
    </failure>
  </testcase> <!-- @BeforeMethod setup -->
  <testcase classname="TestCase.NopCommerce_TestCase" name="@AfterMethod tearDown" time="-1.668831724995E9">
    <skipped/>
  </testcase> <!-- @AfterMethod tearDown -->
  <testcase classname="TestCase.NopCommerce_TestCase" name="@BeforeMethod setup" time="-1.668831724996E9">
    <skipped/>
  </testcase> <!-- @BeforeMethod setup -->
  <testcase classname="TestCase.NopCommerce_TestCase" name="@AfterMethod tearDown" time="-1.668831724996E9">
    <skipped/>
  </testcase> <!-- @AfterMethod tearDown -->
  <testcase classname="TestCase.NopCommerce_TestCase" name="@AfterClass stopReport" time="-1.668831724996E9">
    <skipped/>
  </testcase> <!-- @AfterClass stopReport -->
  <testcase classname="TestCase.DemoBlaze_SignUp_TestCase" name="TestCase_validData" time="0.0">
    <skipped/>
  </testcase> <!-- TestCase_validData -->
  <testcase classname="TestCase.Facebook_TestCase" name="Blank" time="0.0">
    <skipped/>
  </testcase> <!-- Blank -->
  <testcase classname="TestCase.Facebook_TestCase" name="InvalidValidData" time="0.0">
    <skipped/>
  </testcase> <!-- InvalidValidData -->
  <testcase classname="TestCase.Facebook_TestCase" name="ValidData" time="0.0">
    <skipped/>
  </testcase> <!-- ValidData -->
  <testcase classname="TestCase.NopCommerce_TestCase" name="test_Invalid_email" time="0.0">
    <skipped/>
  </testcase> <!-- test_Invalid_email -->
  <testcase classname="TestCase.NopCommerce_TestCase" name="test_valid_data" time="0.0">
    <skipped/>
  </testcase> <!-- test_valid_data -->
</testsuite> <!-- Command line test -->
